<?xml version="1.0" encoding="UTF-8"?>
<testng-results skipped="0" failed="0" total="1" passed="1">
  <reporter-output>
  </reporter-output>
  <suite name="CNN Test" duration-ms="34762" started-at="2019-06-28T18:56:15Z" finished-at="2019-06-28T18:56:50Z">
    <groups>
    </groups>
    <test name="CNN Test" duration-ms="34762" started-at="2019-06-28T18:56:15Z" finished-at="2019-06-28T18:56:50Z">
      <class name="homepage.TestHomePage">
        <test-method status="PASS" signature="setUp()[pri:0, instance:homepage.TestHomePage@21bcffb5]" name="setUp" is-config="true" duration-ms="13175" started-at="2019-06-28T14:56:15Z" finished-at="2019-06-28T14:56:28Z">
          <reporter-output>
          </reporter-output>
        </test-method> <!-- setUp -->
        <test-method status="PASS" signature="init()[pri:0, instance:homepage.TestHomePage@21bcffb5]" name="init" is-config="true" duration-ms="16883" started-at="2019-06-28T14:56:28Z" finished-at="2019-06-28T14:56:45Z">
          <reporter-output>
          </reporter-output>
        </test-method> <!-- init -->
        <test-method status="PASS" signature="clickonPolitics()[pri:0, instance:homepage.TestHomePage@21bcffb5]" name="clickonPolitics" duration-ms="4526" started-at="2019-06-28T14:56:45Z" finished-at="2019-06-28T14:56:49Z">
          <reporter-output>
          </reporter-output>
        </test-method> <!-- clickonPolitics -->
        <test-method status="PASS" signature="cleanUp()[pri:0, instance:homepage.TestHomePage@21bcffb5]" name="cleanUp" is-config="true" duration-ms="171" started-at="2019-06-28T14:56:49Z" finished-at="2019-06-28T14:56:50Z">
          <reporter-output>
          </reporter-output>
        </test-method> <!-- cleanUp -->
      </class> <!-- homepage.TestHomePage -->
    </test> <!-- CNN Test -->
  </suite> <!-- CNN Test -->
</testng-results>
